[${project.name}][${env:SERVER_PORT}] 2023-05-03 23:02:36,554 INFO [AsyncResolver-bootstrap-executor-0][ConfigClusterResolver.java:43] - Resolving eureka endpoints via configuration
[${project.name}][${env:SERVER_PORT}] 2023-05-03 23:07:23,345 DEBUG [http-nio-53050-exec-5][BaseJdbcLogger.java:159] - ==>  Preparing: SELECT ID,USERNAME,FULLNAME,ID_NUMBER,USER_NO,MOBILE,USER_TYPE,ROLE,AUTH_LIST,IS_BIND_CARD,STATUS,LOAN_AMOUNT,REQUEST_NO FROM consumer WHERE MOBILE = ? 
[${project.name}][${env:SERVER_PORT}] 2023-05-03 23:07:23,345 DEBUG [http-nio-53050-exec-5][BaseJdbcLogger.java:159] - ==> Parameters: 18824244467(String)
[${project.name}][${env:SERVER_PORT}] 2023-05-03 23:07:23,349 DEBUG [http-nio-53050-exec-5][BaseJdbcLogger.java:159] - <==      Total: 1
[${project.name}][${env:SERVER_PORT}] 2023-05-03 23:07:36,554 INFO [AsyncResolver-bootstrap-executor-0][ConfigClusterResolver.java:43] - Resolving eureka endpoints via configuration
[${project.name}][${env:SERVER_PORT}] 2023-05-03 23:12:36,552 INFO [AsyncResolver-bootstrap-executor-0][ConfigClusterResolver.java:43] - Resolving eureka endpoints via configuration
[${project.name}][${env:SERVER_PORT}] 2023-05-03 23:14:04,535 INFO [Thread-33][PollingServerListUpdater.java:53] - Shutting down the Executor Pool for PollingServerListUpdater
[${project.name}][${env:SERVER_PORT}] 2023-05-03 23:14:04,536 INFO [Thread-21][EurekaServiceRegistry.java:65] - Unregistering application CONSUMER-SERVICE with eureka with status DOWN
[${project.name}][${env:SERVER_PORT}] 2023-05-03 23:14:04,537 WARN [Thread-21][DiscoveryClient.java:1303] - Saw local status change event StatusChangeEvent [timestamp=1683126844537, current=DOWN, previous=UP]
[${project.name}][${env:SERVER_PORT}] 2023-05-03 23:14:04,537 INFO [DiscoveryClient-InstanceInfoReplicator-0][DiscoveryClient.java:826] - DiscoveryClient_CONSUMER-SERVICE/consumer-service:192.168.1.101:53050: registering service...
[${project.name}][${env:SERVER_PORT}] 2023-05-03 23:14:04,540 INFO [Thread-21][ExecutorConfigurationSupport.java:208] - Shutting down ExecutorService 'applicationTaskExecutor'
[${project.name}][${env:SERVER_PORT}] 2023-05-03 23:14:04,541 INFO [DiscoveryClient-InstanceInfoReplicator-0][DiscoveryClient.java:835] - DiscoveryClient_CONSUMER-SERVICE/consumer-service:192.168.1.101:53050 - registration status: 204
[${project.name}][${env:SERVER_PORT}] 2023-05-03 23:14:04,544 INFO [Thread-21][ShutdownEnabledTimer.java:67] - Shutdown hook removed for: NFLoadBalancer-PingTimer-account-service
[${project.name}][${env:SERVER_PORT}] 2023-05-03 23:14:04,544 INFO [Thread-21][ShutdownEnabledTimer.java:72] - Exception caught (might be ok if at shutdown)
java.lang.IllegalStateException: Shutdown in progress
	at java.lang.ApplicationShutdownHooks.remove(ApplicationShutdownHooks.java:82)
	at java.lang.Runtime.removeShutdownHook(Runtime.java:239)
	at com.netflix.util.concurrent.ShutdownEnabledTimer.cancel(ShutdownEnabledTimer.java:70)
	at com.netflix.loadbalancer.BaseLoadBalancer.cancelPingTask(BaseLoadBalancer.java:632)
	at com.netflix.loadbalancer.BaseLoadBalancer.shutdown(BaseLoadBalancer.java:883)
	at com.netflix.loadbalancer.DynamicServerListLoadBalancer.shutdown(DynamicServerListLoadBalancer.java:285)
	at sun.reflect.NativeMethodAccessorImpl.invoke0(Native Method)
	at sun.reflect.NativeMethodAccessorImpl.invoke(NativeMethodAccessorImpl.java:62)
	at sun.reflect.DelegatingMethodAccessorImpl.invoke(DelegatingMethodAccessorImpl.java:43)
	at java.lang.reflect.Method.invoke(Method.java:498)
	at org.springframework.beans.factory.support.DisposableBeanAdapter.invokeCustomDestroyMethod(DisposableBeanAdapter.java:337)
	at org.springframework.beans.factory.support.DisposableBeanAdapter.destroy(DisposableBeanAdapter.java:271)
	at org.springframework.beans.factory.support.DefaultSingletonBeanRegistry.destroyBean(DefaultSingletonBeanRegistry.java:571)
	at org.springframework.beans.factory.support.DefaultSingletonBeanRegistry.destroySingleton(DefaultSingletonBeanRegistry.java:543)
	at org.springframework.beans.factory.support.DefaultListableBeanFactory.destroySingleton(DefaultListableBeanFactory.java:1055)
	at org.springframework.beans.factory.support.DefaultSingletonBeanRegistry.destroySingletons(DefaultSingletonBeanRegistry.java:504)
	at org.springframework.beans.factory.support.DefaultListableBeanFactory.destroySingletons(DefaultListableBeanFactory.java:1062)
	at org.springframework.context.support.AbstractApplicationContext.destroyBeans(AbstractApplicationContext.java:1057)
	at org.springframework.context.support.AbstractApplicationContext.doClose(AbstractApplicationContext.java:1026)
	at org.springframework.context.support.AbstractApplicationContext.close(AbstractApplicationContext.java:975)
	at org.springframework.cloud.context.named.NamedContextFactory.destroy(NamedContextFactory.java:79)
	at org.springframework.beans.factory.support.DisposableBeanAdapter.destroy(DisposableBeanAdapter.java:256)
	at org.springframework.beans.factory.support.DefaultSingletonBeanRegistry.destroyBean(DefaultSingletonBeanRegistry.java:571)
	at org.springframework.beans.factory.support.DefaultSingletonBeanRegistry.destroySingleton(DefaultSingletonBeanRegistry.java:543)
	at org.springframework.beans.factory.support.DefaultListableBeanFactory.destroySingleton(DefaultListableBeanFactory.java:1055)
	at org.springframework.beans.factory.support.DefaultSingletonBeanRegistry.destroySingletons(DefaultSingletonBeanRegistry.java:504)
	at org.springframework.beans.factory.support.DefaultListableBeanFactory.destroySingletons(DefaultListableBeanFactory.java:1062)
	at org.springframework.context.support.AbstractApplicationContext.destroyBeans(AbstractApplicationContext.java:1057)
	at org.springframework.context.support.AbstractApplicationContext.doClose(AbstractApplicationContext.java:1026)
	at org.springframework.context.support.AbstractApplicationContext$1.run(AbstractApplicationContext.java:945)
[${project.name}][${env:SERVER_PORT}] 2023-05-03 23:14:05,680 INFO [Thread-21][DruidDataSource.java:1885] - {dataSource-1} closing ...
[${project.name}][${env:SERVER_PORT}] 2023-05-03 23:14:05,686 INFO [Thread-21][DruidDataSource.java:1955] - {dataSource-1} closed
[${project.name}][${env:SERVER_PORT}] 2023-05-03 23:14:05,689 INFO [Thread-21][DiscoveryClient.java:888] - Shutting down DiscoveryClient ...
[${project.name}][${env:SERVER_PORT}] 2023-05-03 23:14:08,692 INFO [Thread-21][DiscoveryClient.java:922] - Unregistering ...
[${project.name}][${env:SERVER_PORT}] 2023-05-03 23:14:08,693 WARN [DiscoveryClient-0][TimedSupervisorTask.java:88] - task supervisor shutting down, can't accept the task
[${project.name}][${env:SERVER_PORT}] 2023-05-03 23:14:08,701 INFO [Thread-21][DiscoveryClient.java:924] - DiscoveryClient_CONSUMER-SERVICE/consumer-service:192.168.1.101:53050 - deregister  status: 200
[${project.name}][${env:SERVER_PORT}] 2023-05-03 23:14:08,714 INFO [Thread-21][DiscoveryClient.java:911] - Completed shut down of DiscoveryClient
